#
# A fatal error has been detected by the Java Runtime Environment:
#
#  EXCEPTION_ACCESS_VIOLATION (0xc0000005) at pc=0x0000000010014ed4, pid=4572, tid=3516
#
# JRE version: OpenJDK Runtime Environment (17.0.2+8) (build 17.0.2+8-86)
# Java VM: OpenJDK 64-Bit Server VM (17.0.2+8-86, mixed mode, sharing, tiered, compressed oops, compressed class ptrs, g1 gc, windows-amd64)
# Problematic frame:
# C  [sigar-amd64-winnt.dll+0x14ed4]
#
# No core dump will be written. Minidumps are not enabled by default on client versions of Windows
#
# If you would like to submit a bug report, please visit:
#   https://bugreport.java.com/bugreport/crash.jsp
# The crash happened outside the Java Virtual Machine in native code.
# See problematic frame for where to report the bug.
#

---------------  S U M M A R Y ------------

Command Line: -Djava.library.path=D:\intelijLibraries\hyperic-sigar-1.6.4\sigar-bin\lib -javaagent:D:\javathing\IntelliJ IDEA 2021.2.2\lib\idea_rt.jar=58140:D:\javathing\IntelliJ IDEA 2021.2.2\bin -Dfile.encoding=UTF-8 --module-path=C:\Users\SIMONA\.m2\repository\org\openjfx\javafx-controls\18-ea+6\javafx-controls-18-ea+6-win.jar;D:\intelijLibraries\javafx-sdk-18.0.1\lib\javafx.fxml.jar;D:\intelijLibraries\hyperic-sigar-1.6.4\sigar-bin\lib\sigar.jar;C:\Users\SIMONA\.m2\repository\org\openjfx\javafx-base\18-ea+6\javafx-base-18-ea+6-win.jar;C:\Users\SIMONA\.m2\repository\org\openjfx\javafx-graphics\18-ea+6\javafx-graphics-18-ea+6-win.jar;C:\Users\SIMONA\.m2\repository\org\openjfx\javafx-fxml\18-ea+6\javafx-fxml-18-ea+6-win.jar;D:\intelijLibraries\javafx-sdk-18.0.1\lib\javafx.base.jar;D:\CoProject\target\classes;D:\intelijLibraries\javafx-sdk-18.0.1\lib\javafx.graphics.jar;D:\intelijLibraries\javafx-sdk-18.0.1\lib\javafx.controls.jar -Djdk.module.main=BananeProject BananeProject/controllers.Launcher

Host: Intel(R) Core(TM) i7-9750H CPU @ 2.60GHz, 12 cores, 7G,  Windows 10 , 64 bit Build 19041 (10.0.19041.1706)
Time: Wed May 25 17:28:07 2022 GTB, ors 10 , 64 bit Build 19041 (10.0.19041.1706) elapsed time: 0.487057 seconds (0d 0h 0m 0s)

---------------  T H R E A D  ---------------

Current thread (0x00000197928dafc0):  JavaThread "JavaFX Application Thread" [_thread_in_native, id=3516, stack(0x000000855e200000,0x000000855e300000)]

Stack: [0x000000855e200000,0x000000855e300000],  sp=0x000000855e2fe610,  free space=1017k
Native frames: (J=compiled Java code, j=interpreted, Vv=VM code, C=native code)
C  [sigar-amd64-winnt.dll+0x14ed4]

Java frames: (J=compiled Java code, j=interpreted, Vv=VM code)
j  org.hyperic.sigar.Sigar.getCpuInfoList()[Lorg/hyperic/sigar/CpuInfo;+0 sigar
j  controllers.Main.start(Ljavafx/stage/Stage;)V+9 BananeProject
j  com.sun.javafx.application.LauncherImpl.lambda$launchApplication1$9(Ljava/util/concurrent/atomic/AtomicBoolean;Ljavafx/application/Application;)V+20 javafx.graphics@18-ea
j  com.sun.javafx.application.LauncherImpl$$Lambda$114+0x0000000800c86330.run()V+8 javafx.graphics@18-ea
j  com.sun.javafx.application.PlatformImpl.lambda$runAndWait$12(Ljava/lang/Runnable;Ljava/util/concurrent/CountDownLatch;)V+1 javafx.graphics@18-ea
j  com.sun.javafx.application.PlatformImpl$$Lambda$110+0x0000000800c84a80.run()V+8 javafx.graphics@18-ea
j  com.sun.javafx.application.PlatformImpl.lambda$runLater$10(Ljava/lang/Runnable;)Ljava/lang/Void;+1 javafx.graphics@18-ea
j  com.sun.javafx.application.PlatformImpl$$Lambda$112+0x0000000800c85ef0.run()Ljava/lang/Object;+4 javafx.graphics@18-ea
j  java.security.AccessController.executePrivileged(Ljava/security/PrivilegedAction;Ljava/security/AccessControlContext;Ljava/lang/Class;)Ljava/lang/Object;+29 java.base@17.0.2
j  java.security.AccessController.doPrivileged(Ljava/security/PrivilegedAction;Ljava/security/AccessControlContext;)Ljava/lang/Object;+13 java.base@17.0.2
j  com.sun.javafx.application.PlatformImpl.lambda$runLater$11(Ljava/lang/Runnable;Ljava/security/AccessControlContext;)V+7 javafx.graphics@18-ea
j  com.sun.javafx.application.PlatformImpl$$Lambda$111+0x0000000800c84ca0.run()V+8 javafx.graphics@18-ea
j  com.sun.glass.ui.InvokeLaterDispatcher$Future.run()V+4 javafx.graphics@18-ea
v  ~StubRoutines::call_stub
j  com.sun.glass.ui.win.WinApplication._runLoop(Ljava/lang/Runnable;)V+0 javafx.graphics@18-ea
j  com.sun.glass.ui.win.WinApplication.lambda$runLoop$3(ILjava/lang/Runnable;)V+8 javafx.graphics@18-ea
j  com.sun.glass.ui.win.WinApplication$$Lambda$100+0x0000000800c34000.run()V+12 javafx.graphics@18-ea
j  java.lang.Thread.run()V+11 java.base@17.0.2
v  ~StubRoutines::call_stub

siginfo: EXCEPTION_ACCESS_VIOLATION (0xc0000005), reading address 0xffffffff98380d88


Register to memory mapping:

RIP=0x0000000010014ed4 sigar-amd64-winnt.dll
RAX=0xffffffff98380c50 is an unknown value
RBX={method} {0x0000019791a03478} 'getCpuInfoList' '()[Lorg/hyperic/sigar/CpuInfo;' in 'org/hyperic/sigar/Sigar'
RCX=0x00000197928db268 points into unknown readable memory: 0x00007ffa2b795640 | 40 56 79 2b fa 7f 00 00
RDX=0x000000855e2fe7a8 is pointing into the stack for thread: 0x00000197928dafc0
RSP=0x000000855e2fe610 is pointing into the stack for thread: 0x00000197928dafc0
RBP=0x000000855e2fe788 is pointing into the stack for thread: 0x00000197928dafc0
RSI=0x0 is NULL
RDI=0x00000197800094fe is at code_begin+1118 in an Interpreter codelet
return entry points  [0x00000197800090a0, 0x0000019780009ba0]  2816 bytes
R8 =0x0000000000000032 is an unknown value
R9 =0x0000000089c41950 is an oop: org.hyperic.sigar.Sigar 
{0x0000000089c41950} - klass: 'org/hyperic/sigar/Sigar'
 - ---- fields (total size 6 words):
 - 'sigarWrapper' 'I' @12  -1741157296 (98380c50)
 - 'longSigarWrapper' 'J' @16  0 (0 0)
 - private 'open' 'Z' @24  true
 - private 'mounts' 'Lorg/hyperic/sigar/FileSystemMap;' @28  NULL (0)
 - private 'lastCpu' 'Lorg/hyperic/sigar/Cpu;' @32  NULL (0)
 - private 'lastCpuList' '[Lorg/hyperic/sigar/Cpu;' @36  NULL (0)
 - private 'processFinder' 'Lorg/hyperic/sigar/ptql/ProcessFinder;' @40  NULL (0)
R10=0x00007ffa2b814a00 jvm.dll
R11=0x0000000000000004 is an unknown value
R12=0x0 is NULL
R13=0x0000019791a03468 is pointing into metadata
R14=0x000000855e2fe7a8 is pointing into the stack for thread: 0x00000197928dafc0
R15=0x00000197928dafc0 is a thread


Registers:
RAX=0xffffffff98380c50, RBX=0x0000019791a03470, RCX=0x00000197928db268, RDX=0x000000855e2fe7a8
RSP=0x000000855e2fe610, RBP=0x000000855e2fe788, RSI=0x0000000000000000, RDI=0x00000197800094fe
R8 =0x0000000000000032, R9 =0x0000000089c41950, R10=0x00007ffa2b814a00, R11=0x0000000000000004
R12=0x0000000000000000, R13=0x0000019791a03468, R14=0x000000855e2fe7a8, R15=0x00000197928dafc0
RIP=0x0000000010014ed4, EFLAGS=0x0000000000010286

Top of Stack: (sp=0x000000855e2fe610)
0x000000855e2fe610:   00000197928db268 000000855e2fe7a8
0x000000855e2fe620:   00000197928dafc0 0000019791a03468
0x000000855e2fe630:   ffffffff98380c50 0000000000000000
0x000000855e2fe640:   0000019791a03470 0000000010022078
0x000000855e2fe650:   00000197928db268 000000855e2fe7a8
0x000000855e2fe660:   0000000000000000 000000855e2fe7a8
0x000000855e2fe670:   0000000000000000 00000197800094fe
0x000000855e2fe680:   000001979285a098 0000019791a03468
0x000000855e2fe690:   000000855e2fe788 00007ffa2b08e672
0x000000855e2fe6a0:   000000000000001a 0000000000000000
0x000000855e2fe6b0:   00000197928dafc0 00000197928dafc0
0x000000855e2fe6c0:   0000019791a03470 00000197928dafc0
0x000000855e2fe6d0:   00000197800094fe 000001978000d48e
0x000000855e2fe6e0:   0000019791a03470 0000019791a03470
0x000000855e2fe6f0:   0000019791a03470 00000197800094fe
0x000000855e2fe700:   00000197800094fe 000001978000d621 

Instructions: (pc=0x0000000010014ed4)
0x0000000010014dd4:   8b 04 c1 48 8d 15 12 58 04 00 48 8b 4c 24 20 e8
0x0000000010014de4:   c8 1e 02 00 48 83 c4 38 c3 cc cc cc 48 89 54 24
0x0000000010014df4:   10 48 89 4c 24 08 b8 02 00 01 00 c3 cc cc cc cc
0x0000000010014e04:   cc cc cc cc cc cc cc cc cc cc cc cc 48 89 54 24
0x0000000010014e14:   10 48 89 4c 24 08 c3 cc cc cc cc cc cc cc cc cc
0x0000000010014e24:   cc cc cc cc cc cc cc cc cc cc cc cc 48 89 54 24
0x0000000010014e34:   10 48 89 4c 24 08 48 83 ec 38 48 8b 54 24 48 48
0x0000000010014e44:   8b 4c 24 40 e8 43 00 00 00 48 89 44 24 28 48 83
0x0000000010014e54:   7c 24 28 00 75 04 33 c0 eb 24 48 8b 44 24 28 48
0x0000000010014e64:   8b 40 10 48 89 44 24 20 48 8b 44 24 28 48 8b 4c
0x0000000010014e74:   24 40 48 89 08 48 8b 44 24 28 48 8b 40 10 48 83
0x0000000010014e84:   c4 38 c3 cc cc cc cc cc cc cc cc cc 48 89 54 24
0x0000000010014e94:   10 48 89 4c 24 08 48 83 ec 38 48 8b 54 24 48 48
0x0000000010014ea4:   8b 4c 24 40 e8 73 02 00 00 48 89 44 24 20 48 83
0x0000000010014eb4:   7c 24 20 00 75 15 48 8d 15 df 58 04 00 48 8b 4c
0x0000000010014ec4:   24 40 e8 45 00 00 00 33 c0 eb 32 48 8b 44 24 20
0x0000000010014ed4:   83 b8 38 01 00 00 00 74 1f 48 8b 44 24 20 44 8b
0x0000000010014ee4:   80 38 01 00 00 48 8b 54 24 20 48 8b 4c 24 40 e8
0x0000000010014ef4:   68 00 00 00 33 c0 eb 05 48 8b 44 24 20 48 83 c4
0x0000000010014f04:   38 c3 cc cc cc cc cc cc cc cc cc cc 48 89 54 24
0x0000000010014f14:   10 48 89 4c 24 08 48 83 ec 38 48 8b 44 24 40 48
0x0000000010014f24:   8b 00 48 8d 15 d3 56 04 00 48 8b 4c 24 40 ff 50
0x0000000010014f34:   30 48 89 44 24 20 48 8b 44 24 40 48 8b 00 4c 8b
0x0000000010014f44:   44 24 48 48 8b 54 24 20 48 8b 4c 24 40 ff 50 70
0x0000000010014f54:   48 83 c4 38 c3 cc cc cc cc cc cc cc 44 89 44 24
0x0000000010014f64:   18 48 89 54 24 10 48 89 4c 24 08 48 83 ec 58 8b
0x0000000010014f74:   44 24 70 89 44 24 28 81 7c 24 28 40 9c 00 00 7e
0x0000000010014f84:   0d 8b 44 24 28 2d 40 9c 00 00 89 44 24 28 8b 44
0x0000000010014f94:   24 28 89 44 24 40 83 7c 24 40 02 74 16 83 7c 24
0x0000000010014fa4:   40 05 74 30 81 7c 24 40 21 4e 00 00 74 47 e9 00
0x0000000010014fb4:   01 00 00 48 8b 44 24 60 48 8b 00 48 8d 15 c2 56
0x0000000010014fc4:   04 00 48 8b 4c 24 60 ff 50 30 48 89 44 24 20 e9 


Stack slot to memory mapping:
stack at sp + 0 slots: 0x00000197928db268 points into unknown readable memory: 0x00007ffa2b795640 | 40 56 79 2b fa 7f 00 00
stack at sp + 1 slots: 0x000000855e2fe7a8 is pointing into the stack for thread: 0x00000197928dafc0
stack at sp + 2 slots: 0x00000197928dafc0 is a thread
stack at sp + 3 slots: 0x0000019791a03468 is pointing into metadata
stack at sp + 4 slots: 0xffffffff98380c50 is an unknown value
stack at sp + 5 slots: 0x0 is NULL
stack at sp + 6 slots: {method} {0x0000019791a03478} 'getCpuInfoList' '()[Lorg/hyperic/sigar/CpuInfo;' in 'org/hyperic/sigar/Sigar'
stack at sp + 7 slots: 0x0000000010022078 sigar-amd64-winnt.dll


---------------  P R O C E S S  ---------------

Threads class SMR info:
_java_thread_list=0x0000019792df3650, length=20, elements={
0x00000197f0dd3b70, 0x0000019791269650, 0x000001979126a4c0, 0x0000019791284dc0,
0x0000019791287b90, 0x0000019791288d60, 0x0000019791289710, 0x000001979128ddb0,
0x0000019791296860, 0x00000197912a1a30, 0x0000019791252260, 0x0000019791df37e0,
0x0000019791ee6d00, 0x00000197920b3070, 0x00000197921f1dd0, 0x0000019792145c70,
0x00000197926f0fb0, 0x000001979289c580, 0x00000197928dafc0, 0x0000019792e2c1b0
}

Java Threads: ( => current thread )
  0x00000197f0dd3b70 JavaThread "main" [_thread_blocked, id=16152, stack(0x000000855c900000,0x000000855ca00000)]
  0x0000019791269650 JavaThread "Reference Handler" daemon [_thread_blocked, id=14852, stack(0x000000855d000000,0x000000855d100000)]
  0x000001979126a4c0 JavaThread "Finalizer" daemon [_thread_blocked, id=3060, stack(0x000000855d100000,0x000000855d200000)]
  0x0000019791284dc0 JavaThread "Signal Dispatcher" daemon [_thread_blocked, id=12436, stack(0x000000855d200000,0x000000855d300000)]
  0x0000019791287b90 JavaThread "Attach Listener" daemon [_thread_blocked, id=1576, stack(0x000000855d300000,0x000000855d400000)]
  0x0000019791288d60 JavaThread "Service Thread" daemon [_thread_blocked, id=5472, stack(0x000000855d400000,0x000000855d500000)]
  0x0000019791289710 JavaThread "Monitor Deflation Thread" daemon [_thread_blocked, id=17656, stack(0x000000855d500000,0x000000855d600000)]
  0x000001979128ddb0 JavaThread "C2 CompilerThread0" daemon [_thread_blocked, id=17892, stack(0x000000855d600000,0x000000855d700000)]
  0x0000019791296860 JavaThread "C1 CompilerThread0" daemon [_thread_blocked, id=16772, stack(0x000000855d700000,0x000000855d800000)]
  0x00000197912a1a30 JavaThread "Sweeper thread" daemon [_thread_blocked, id=14692, stack(0x000000855d800000,0x000000855d900000)]
  0x0000019791252260 JavaThread "Common-Cleaner" daemon [_thread_blocked, id=12480, stack(0x000000855d900000,0x000000855da00000)]
  0x0000019791df37e0 JavaThread "C2 CompilerThread1" daemon [_thread_blocked, id=11468, stack(0x000000855da00000,0x000000855db00000)]
  0x0000019791ee6d00 JavaThread "C2 CompilerThread2" daemon [_thread_blocked, id=13696, stack(0x000000855db00000,0x000000855dc00000)]
  0x00000197920b3070 JavaThread "Monitor Ctrl-Break" daemon [_thread_in_native, id=6852, stack(0x000000855dc00000,0x000000855dd00000)]
  0x00000197921f1dd0 JavaThread "Notification Thread" daemon [_thread_blocked, id=9408, stack(0x000000855dd00000,0x000000855de00000)]
  0x0000019792145c70 JavaThread "JavaFX-Launcher" [_thread_blocked, id=1264, stack(0x000000855df00000,0x000000855e000000)]
  0x00000197926f0fb0 JavaThread "QuantumRenderer-0" daemon [_thread_blocked, id=1556, stack(0x000000855e000000,0x000000855e100000)]
  0x000001979289c580 JavaThread "InvokeLaterDispatcher" daemon [_thread_blocked, id=16076, stack(0x000000855e100000,0x000000855e200000)]
=>0x00000197928dafc0 JavaThread "JavaFX Application Thread" [_thread_in_native, id=3516, stack(0x000000855e200000,0x000000855e300000)]
  0x0000019792e2c1b0 JavaThread "Thread-2" daemon [_thread_in_native, id=13700, stack(0x000000855eb00000,0x000000855ec00000)]

Other Threads:
  0x0000019791262a30 VMThread "VM Thread" [stack: 0x000000855cf00000,0x000000855d000000] [id=2152]
  0x00000197f0e37320 WatcherThread [stack: 0x000000855de00000,0x000000855df00000] [id=15572]
  0x00000197f0e15f50 GCTaskThread "GC Thread#0" [stack: 0x000000855ca00000,0x000000855cb00000] [id=17852]
  0x0000019792c8fb10 GCTaskThread "GC Thread#1" [stack: 0x000000855e300000,0x000000855e400000] [id=10696]
  0x0000019792c8fdc0 GCTaskThread "GC Thread#2" [stack: 0x000000855e400000,0x000000855e500000] [id=19132]
  0x00000197928dced0 GCTaskThread "GC Thread#3" [stack: 0x000000855e500000,0x000000855e600000] [id=2616]
  0x00000197928dd180 GCTaskThread "GC Thread#4" [stack: 0x000000855e600000,0x000000855e700000] [id=13568]
  0x00000197928cd360 GCTaskThread "GC Thread#5" [stack: 0x000000855e700000,0x000000855e800000] [id=8396]
  0x00000197f0e26a10 ConcurrentGCThread "G1 Main Marker" [stack: 0x000000855cb00000,0x000000855cc00000] [id=5500]
  0x00000197f0e27bc0 ConcurrentGCThread "G1 Conc#0" [stack: 0x000000855cc00000,0x000000855cd00000] [id=5528]
  0x0000019791120090 ConcurrentGCThread "G1 Refine#0" [stack: 0x000000855cd00000,0x000000855ce00000] [id=16144]
  0x0000019791120ab0 ConcurrentGCThread "G1 Service" [stack: 0x000000855ce00000,0x000000855cf00000] [id=6972]

Threads with active compile tasks:

VM state: not at safepoint (normal execution)

VM Mutex/Monitor currently owned by a thread: None

Heap address: 0x0000000082400000, size: 2012 MB, Compressed Oops mode: 32-bit

CDS archive(s) mapped at: [0x0000000800000000-0x0000000800bc0000-0x0000000800bc0000), size 12320768, SharedBaseAddress: 0x0000000800000000, ArchiveRelocationMode: 0.
Compressed class space mapped at: 0x0000000800c00000-0x0000000840c00000, reserved size: 1073741824
Narrow klass base: 0x0000000800000000, Narrow klass shift: 0, Narrow klass range: 0x100000000

GC Precious Log:
 CPUs: 12 total, 12 available
 Memory: 8043M
 Large Page Support: Disabled
 NUMA Support: Disabled
 Compressed Oops: Enabled (32-bit)
 Heap Region Size: 1M
 Heap Min Capacity: 8M
 Heap Initial Capacity: 126M
 Heap Max Capacity: 2012M
 Pre-touch: Disabled
 Parallel Workers: 10
 Concurrent Workers: 3
 Concurrent Refinement Workers: 10
 Periodic GC: Disabled

Heap:
 garbage-first heap   total 129024K, used 7639K [0x0000000082400000, 0x0000000100000000)
  region size 1024K, 9 young (9216K), 3 survivors (3072K)
 Metaspace       used 4810K, committed 4992K, reserved 1056768K
  class space    used 553K, committed 640K, reserved 1048576K

Heap Regions: E=young(eden), S=young(survivor), O=old, HS=humongous(starts), HC=humongous(continues), CS=collection set, F=free, OA=open archive, CA=closed archive, TAMS=top-at-mark-start (previous, next)
|   0|0x0000000082400000, 0x0000000082475e00, 0x0000000082500000| 46%| O|  |TAMS 0x0000000082400000, 0x0000000082400000| Untracked 
|   1|0x0000000082500000, 0x0000000082500000, 0x0000000082600000|  0%| F|  |TAMS 0x0000000082500000, 0x0000000082500000| Untracked 
|   2|0x0000000082600000, 0x0000000082600000, 0x0000000082700000|  0%| F|  |TAMS 0x0000000082600000, 0x0000000082600000| Untracked 
|   3|0x0000000082700000, 0x0000000082700000, 0x0000000082800000|  0%| F|  |TAMS 0x0000000082700000, 0x0000000082700000| Untracked 
|   4|0x0000000082800000, 0x0000000082800000, 0x0000000082900000|  0%| F|  |TAMS 0x0000000082800000, 0x0000000082800000| Untracked 
|   5|0x0000000082900000, 0x0000000082900000, 0x0000000082a00000|  0%| F|  |TAMS 0x0000000082900000, 0x0000000082900000| Untracked 
|   6|0x0000000082a00000, 0x0000000082a00000, 0x0000000082b00000|  0%| F|  |TAMS 0x0000000082a00000, 0x0000000082a00000| Untracked 
|   7|0x0000000082b00000, 0x0000000082b00000, 0x0000000082c00000|  0%| F|  |TAMS 0x0000000082b00000, 0x0000000082b00000| Untracked 
|   8|0x0000000082c00000, 0x0000000082c00000, 0x0000000082d00000|  0%| F|  |TAMS 0x0000000082c00000, 0x0000000082c00000| Untracked 
|   9|0x0000000082d00000, 0x0000000082d00000, 0x0000000082e00000|  0%| F|  |TAMS 0x0000000082d00000, 0x0000000082d00000| Untracked 
|  10|0x0000000082e00000, 0x0000000082e00000, 0x0000000082f00000|  0%| F|  |TAMS 0x0000000082e00000, 0x0000000082e00000| Untracked 
|  11|0x0000000082f00000, 0x0000000082f00000, 0x0000000083000000|  0%| F|  |TAMS 0x0000000082f00000, 0x0000000082f00000| Untracked 
|  12|0x0000000083000000, 0x0000000083000000, 0x0000000083100000|  0%| F|  |TAMS 0x0000000083000000, 0x0000000083000000| Untracked 
|  13|0x0000000083100000, 0x0000000083100000, 0x0000000083200000|  0%| F|  |TAMS 0x0000000083100000, 0x0000000083100000| Untracked 
|  14|0x0000000083200000, 0x0000000083200000, 0x0000000083300000|  0%| F|  |TAMS 0x0000000083200000, 0x0000000083200000| Untracked 
|  15|0x0000000083300000, 0x0000000083300000, 0x0000000083400000|  0%| F|  |TAMS 0x0000000083300000, 0x0000000083300000| Untracked 
|  16|0x0000000083400000, 0x0000000083400000, 0x0000000083500000|  0%| F|  |TAMS 0x0000000083400000, 0x0000000083400000| Untracked 
|  17|0x0000000083500000, 0x0000000083500000, 0x0000000083600000|  0%| F|  |TAMS 0x0000000083500000, 0x0000000083500000| Untracked 
|  18|0x0000000083600000, 0x0000000083600000, 0x0000000083700000|  0%| F|  |TAMS 0x0000000083600000, 0x0000000083600000| Untracked 
|  19|0x0000000083700000, 0x0000000083700000, 0x0000000083800000|  0%| F|  |TAMS 0x0000000083700000, 0x0000000083700000| Untracked 
|  20|0x0000000083800000, 0x0000000083800000, 0x0000000083900000|  0%| F|  |TAMS 0x0000000083800000, 0x0000000083800000| Untracked 
|  21|0x0000000083900000, 0x0000000083900000, 0x0000000083a00000|  0%| F|  |TAMS 0x0000000083900000, 0x0000000083900000| Untracked 
|  22|0x0000000083a00000, 0x0000000083a00000, 0x0000000083b00000|  0%| F|  |TAMS 0x0000000083a00000, 0x0000000083a00000| Untracked 
|  23|0x0000000083b00000, 0x0000000083b00000, 0x0000000083c00000|  0%| F|  |TAMS 0x0000000083b00000, 0x0000000083b00000| Untracked 
|  24|0x0000000083c00000, 0x0000000083c00000, 0x0000000083d00000|  0%| F|  |TAMS 0x0000000083c00000, 0x0000000083c00000| Untracked 
|  25|0x0000000083d00000, 0x0000000083d00000, 0x0000000083e00000|  0%| F|  |TAMS 0x0000000083d00000, 0x0000000083d00000| Untracked 
|  26|0x0000000083e00000, 0x0000000083e00000, 0x0000000083f00000|  0%| F|  |TAMS 0x0000000083e00000, 0x0000000083e00000| Untracked 
|  27|0x0000000083f00000, 0x0000000083f00000, 0x0000000084000000|  0%| F|  |TAMS 0x0000000083f00000, 0x0000000083f00000| Untracked 
|  28|0x0000000084000000, 0x0000000084000000, 0x0000000084100000|  0%| F|  |TAMS 0x0000000084000000, 0x0000000084000000| Untracked 
|  29|0x0000000084100000, 0x0000000084100000, 0x0000000084200000|  0%| F|  |TAMS 0x0000000084100000, 0x0000000084100000| Untracked 
|  30|0x0000000084200000, 0x0000000084200000, 0x0000000084300000|  0%| F|  |TAMS 0x0000000084200000, 0x0000000084200000| Untracked 
|  31|0x0000000084300000, 0x0000000084300000, 0x0000000084400000|  0%| F|  |TAMS 0x0000000084300000, 0x0000000084300000| Untracked 
|  32|0x0000000084400000, 0x0000000084400000, 0x0000000084500000|  0%| F|  |TAMS 0x0000000084400000, 0x0000000084400000| Untracked 
|  33|0x0000000084500000, 0x0000000084500000, 0x0000000084600000|  0%| F|  |TAMS 0x0000000084500000, 0x0000000084500000| Untracked 
|  34|0x0000000084600000, 0x0000000084600000, 0x0000000084700000|  0%| F|  |TAMS 0x0000000084600000, 0x0000000084600000| Untracked 
|  35|0x0000000084700000, 0x0000000084700000, 0x0000000084800000|  0%| F|  |TAMS 0x0000000084700000, 0x0000000084700000| Untracked 
|  36|0x0000000084800000, 0x0000000084800000, 0x0000000084900000|  0%| F|  |TAMS 0x0000000084800000, 0x0000000084800000| Untracked 
|  37|0x0000000084900000, 0x0000000084900000, 0x0000000084a00000|  0%| F|  |TAMS 0x0000000084900000, 0x0000000084900000| Untracked 
|  38|0x0000000084a00000, 0x0000000084a00000, 0x0000000084b00000|  0%| F|  |TAMS 0x0000000084a00000, 0x0000000084a00000| Untracked 
|  39|0x0000000084b00000, 0x0000000084b00000, 0x0000000084c00000|  0%| F|  |TAMS 0x0000000084b00000, 0x0000000084b00000| Untracked 
|  40|0x0000000084c00000, 0x0000000084c00000, 0x0000000084d00000|  0%| F|  |TAMS 0x0000000084c00000, 0x0000000084c00000| Untracked 
|  41|0x0000000084d00000, 0x0000000084d00000, 0x0000000084e00000|  0%| F|  |TAMS 0x0000000084d00000, 0x0000000084d00000| Untracked 
|  42|0x0000000084e00000, 0x0000000084e00000, 0x0000000084f00000|  0%| F|  |TAMS 0x0000000084e00000, 0x0000000084e00000| Untracked 
|  43|0x0000000084f00000, 0x0000000084f00000, 0x0000000085000000|  0%| F|  |TAMS 0x0000000084f00000, 0x0000000084f00000| Untracked 
|  44|0x0000000085000000, 0x0000000085000000, 0x0000000085100000|  0%| F|  |TAMS 0x0000000085000000, 0x0000000085000000| Untracked 
|  45|0x0000000085100000, 0x0000000085100000, 0x0000000085200000|  0%| F|  |TAMS 0x0000000085100000, 0x0000000085100000| Untracked 
|  46|0x0000000085200000, 0x0000000085200000, 0x0000000085300000|  0%| F|  |TAMS 0x0000000085200000, 0x0000000085200000| Untracked 
|  47|0x0000000085300000, 0x0000000085300000, 0x0000000085400000|  0%| F|  |TAMS 0x0000000085300000, 0x0000000085300000| Untracked 
|  48|0x0000000085400000, 0x0000000085400000, 0x0000000085500000|  0%| F|  |TAMS 0x0000000085400000, 0x0000000085400000| Untracked 
|  49|0x0000000085500000, 0x0000000085500000, 0x0000000085600000|  0%| F|  |TAMS 0x0000000085500000, 0x0000000085500000| Untracked 
|  50|0x0000000085600000, 0x0000000085600000, 0x0000000085700000|  0%| F|  |TAMS 0x0000000085600000, 0x0000000085600000| Untracked 
|  51|0x0000000085700000, 0x0000000085700000, 0x0000000085800000|  0%| F|  |TAMS 0x0000000085700000, 0x0000000085700000| Untracked 
|  52|0x0000000085800000, 0x0000000085800000, 0x0000000085900000|  0%| F|  |TAMS 0x0000000085800000, 0x0000000085800000| Untracked 
|  53|0x0000000085900000, 0x0000000085900000, 0x0000000085a00000|  0%| F|  |TAMS 0x0000000085900000, 0x0000000085900000| Untracked 
|  54|0x0000000085a00000, 0x0000000085a00000, 0x0000000085b00000|  0%| F|  |TAMS 0x0000000085a00000, 0x0000000085a00000| Untracked 
|  55|0x0000000085b00000, 0x0000000085b00000, 0x0000000085c00000|  0%| F|  |TAMS 0x0000000085b00000, 0x0000000085b00000| Untracked 
|  56|0x0000000085c00000, 0x0000000085c00000, 0x0000000085d00000|  0%| F|  |TAMS 0x0000000085c00000, 0x0000000085c00000| Untracked 
|  57|0x0000000085d00000, 0x0000000085d00000, 0x0000000085e00000|  0%| F|  |TAMS 0x0000000085d00000, 0x0000000085d00000| Untracked 
|  58|0x0000000085e00000, 0x0000000085e00000, 0x0000000085f00000|  0%| F|  |TAMS 0x0000000085e00000, 0x0000000085e00000| Untracked 
|  59|0x0000000085f00000, 0x0000000085f00000, 0x0000000086000000|  0%| F|  |TAMS 0x0000000085f00000, 0x0000000085f00000| Untracked 
|  60|0x0000000086000000, 0x0000000086000000, 0x0000000086100000|  0%| F|  |TAMS 0x0000000086000000, 0x0000000086000000| Untracked 
|  61|0x0000000086100000, 0x0000000086100000, 0x0000000086200000|  0%| F|  |TAMS 0x0000000086100000, 0x0000000086100000| Untracked 
|  62|0x0000000086200000, 0x0000000086200000, 0x0000000086300000|  0%| F|  |TAMS 0x0000000086200000, 0x0000000086200000| Untracked 
|  63|0x0000000086300000, 0x0000000086300000, 0x0000000086400000|  0%| F|  |TAMS 0x0000000086300000, 0x0000000086300000| Untracked 
|  64|0x0000000086400000, 0x0000000086400000, 0x0000000086500000|  0%| F|  |TAMS 0x0000000086400000, 0x0000000086400000| Untracked 
|  65|0x0000000086500000, 0x0000000086500000, 0x0000000086600000|  0%| F|  |TAMS 0x0000000086500000, 0x0000000086500000| Untracked 
|  66|0x0000000086600000, 0x0000000086600000, 0x0000000086700000|  0%| F|  |TAMS 0x0000000086600000, 0x0000000086600000| Untracked 
|  67|0x0000000086700000, 0x0000000086700000, 0x0000000086800000|  0%| F|  |TAMS 0x0000000086700000, 0x0000000086700000| Untracked 
|  68|0x0000000086800000, 0x0000000086800000, 0x0000000086900000|  0%| F|  |TAMS 0x0000000086800000, 0x0000000086800000| Untracked 
|  69|0x0000000086900000, 0x0000000086900000, 0x0000000086a00000|  0%| F|  |TAMS 0x0000000086900000, 0x0000000086900000| Untracked 
|  70|0x0000000086a00000, 0x0000000086a00000, 0x0000000086b00000|  0%| F|  |TAMS 0x0000000086a00000, 0x0000000086a00000| Untracked 
|  71|0x0000000086b00000, 0x0000000086b00000, 0x0000000086c00000|  0%| F|  |TAMS 0x0000000086b00000, 0x0000000086b00000| Untracked 
|  72|0x0000000086c00000, 0x0000000086c00000, 0x0000000086d00000|  0%| F|  |TAMS 0x0000000086c00000, 0x0000000086c00000| Untracked 
|  73|0x0000000086d00000, 0x0000000086d00000, 0x0000000086e00000|  0%| F|  |TAMS 0x0000000086d00000, 0x0000000086d00000| Untracked 
|  74|0x0000000086e00000, 0x0000000086e00000, 0x0000000086f00000|  0%| F|  |TAMS 0x0000000086e00000, 0x0000000086e00000| Untracked 
|  75|0x0000000086f00000, 0x0000000086f00000, 0x0000000087000000|  0%| F|  |TAMS 0x0000000086f00000, 0x0000000086f00000| Untracked 
|  76|0x0000000087000000, 0x0000000087000000, 0x0000000087100000|  0%| F|  |TAMS 0x0000000087000000, 0x0000000087000000| Untracked 
|  77|0x0000000087100000, 0x0000000087100000, 0x0000000087200000|  0%| F|  |TAMS 0x0000000087100000, 0x0000000087100000| Untracked 
|  78|0x0000000087200000, 0x0000000087200000, 0x0000000087300000|  0%| F|  |TAMS 0x0000000087200000, 0x0000000087200000| Untracked 
|  79|0x0000000087300000, 0x0000000087300000, 0x0000000087400000|  0%| F|  |TAMS 0x0000000087300000, 0x0000000087300000| Untracked 
|  80|0x0000000087400000, 0x0000000087400000, 0x0000000087500000|  0%| F|  |TAMS 0x0000000087400000, 0x0000000087400000| Untracked 
|  81|0x0000000087500000, 0x0000000087500000, 0x0000000087600000|  0%| F|  |TAMS 0x0000000087500000, 0x0000000087500000| Untracked 
|  82|0x0000000087600000, 0x0000000087600000, 0x0000000087700000|  0%| F|  |TAMS 0x0000000087600000, 0x0000000087600000| Untracked 
|  83|0x0000000087700000, 0x0000000087700000, 0x0000000087800000|  0%| F|  |TAMS 0x0000000087700000, 0x0000000087700000| Untracked 
|  84|0x0000000087800000, 0x0000000087800000, 0x0000000087900000|  0%| F|  |TAMS 0x0000000087800000, 0x0000000087800000| Untracked 
|  85|0x0000000087900000, 0x0000000087900000, 0x0000000087a00000|  0%| F|  |TAMS 0x0000000087900000, 0x0000000087900000| Untracked 
|  86|0x0000000087a00000, 0x0000000087a00000, 0x0000000087b00000|  0%| F|  |TAMS 0x0000000087a00000, 0x0000000087a00000| Untracked 
|  87|0x0000000087b00000, 0x0000000087b00000, 0x0000000087c00000|  0%| F|  |TAMS 0x0000000087b00000, 0x0000000087b00000| Untracked 
|  88|0x0000000087c00000, 0x0000000087c00000, 0x0000000087d00000|  0%| F|  |TAMS 0x0000000087c00000, 0x0000000087c00000| Untracked 
|  89|0x0000000087d00000, 0x0000000087d00000, 0x0000000087e00000|  0%| F|  |TAMS 0x0000000087d00000, 0x0000000087d00000| Untracked 
|  90|0x0000000087e00000, 0x0000000087e00000, 0x0000000087f00000|  0%| F|  |TAMS 0x0000000087e00000, 0x0000000087e00000| Untracked 
|  91|0x0000000087f00000, 0x0000000087f00000, 0x0000000088000000|  0%| F|  |TAMS 0x0000000087f00000, 0x0000000087f00000| Untracked 
|  92|0x0000000088000000, 0x0000000088000000, 0x0000000088100000|  0%| F|  |TAMS 0x0000000088000000, 0x0000000088000000| Untracked 
|  93|0x0000000088100000, 0x0000000088100000, 0x0000000088200000|  0%| F|  |TAMS 0x0000000088100000, 0x0000000088100000| Untracked 
|  94|0x0000000088200000, 0x0000000088200000, 0x0000000088300000|  0%| F|  |TAMS 0x0000000088200000, 0x0000000088200000| Untracked 
|  95|0x0000000088300000, 0x0000000088300000, 0x0000000088400000|  0%| F|  |TAMS 0x0000000088300000, 0x0000000088300000| Untracked 
|  96|0x0000000088400000, 0x0000000088400000, 0x0000000088500000|  0%| F|  |TAMS 0x0000000088400000, 0x0000000088400000| Untracked 
|  97|0x0000000088500000, 0x0000000088500000, 0x0000000088600000|  0%| F|  |TAMS 0x0000000088500000, 0x0000000088500000| Untracked 
|  98|0x0000000088600000, 0x0000000088600000, 0x0000000088700000|  0%| F|  |TAMS 0x0000000088600000, 0x0000000088600000| Untracked 
|  99|0x0000000088700000, 0x0000000088700000, 0x0000000088800000|  0%| F|  |TAMS 0x0000000088700000, 0x0000000088700000| Untracked 
| 100|0x0000000088800000, 0x0000000088900000, 0x0000000088900000|100%| S|CS|TAMS 0x0000000088800000, 0x0000000088800000| Complete 
| 101|0x0000000088900000, 0x0000000088a00000, 0x0000000088a00000|100%| S|CS|TAMS 0x0000000088900000, 0x0000000088900000| Complete 
| 102|0x0000000088a00000, 0x0000000088b00000, 0x0000000088b00000|100%| S|CS|TAMS 0x0000000088a00000, 0x0000000088a00000| Complete 
| 103|0x0000000088b00000, 0x0000000088b00000, 0x0000000088c00000|  0%| F|  |TAMS 0x0000000088b00000, 0x0000000088b00000| Untracked 
| 104|0x0000000088c00000, 0x0000000088c00000, 0x0000000088d00000|  0%| F|  |TAMS 0x0000000088c00000, 0x0000000088c00000| Untracked 
| 105|0x0000000088d00000, 0x0000000088d00000, 0x0000000088e00000|  0%| F|  |TAMS 0x0000000088d00000, 0x0000000088d00000| Untracked 
| 106|0x0000000088e00000, 0x0000000088e00000, 0x0000000088f00000|  0%| F|  |TAMS 0x0000000088e00000, 0x0000000088e00000| Untracked 
| 107|0x0000000088f00000, 0x0000000088f00000, 0x0000000089000000|  0%| F|  |TAMS 0x0000000088f00000, 0x0000000088f00000| Untracked 
| 108|0x0000000089000000, 0x0000000089000000, 0x0000000089100000|  0%| F|  |TAMS 0x0000000089000000, 0x0000000089000000| Untracked 
| 109|0x0000000089100000, 0x0000000089100000, 0x0000000089200000|  0%| F|  |TAMS 0x0000000089100000, 0x0000000089100000| Untracked 
| 110|0x0000000089200000, 0x0000000089200000, 0x0000000089300000|  0%| F|  |TAMS 0x0000000089200000, 0x0000000089200000| Untracked 
| 111|0x0000000089300000, 0x0000000089300000, 0x0000000089400000|  0%| F|  |TAMS 0x0000000089300000, 0x0000000089300000| Untracked 
| 112|0x0000000089400000, 0x0000000089400000, 0x0000000089500000|  0%| F|  |TAMS 0x0000000089400000, 0x0000000089400000| Untracked 
| 113|0x0000000089500000, 0x0000000089500000, 0x0000000089600000|  0%| F|  |TAMS 0x0000000089500000, 0x0000000089500000| Untracked 
| 114|0x0000000089600000, 0x0000000089600000, 0x0000000089700000|  0%| F|  |TAMS 0x0000000089600000, 0x0000000089600000| Untracked 
| 115|0x0000000089700000, 0x0000000089700000, 0x0000000089800000|  0%| F|  |TAMS 0x0000000089700000, 0x0000000089700000| Untracked 
| 116|0x0000000089800000, 0x0000000089800000, 0x0000000089900000|  0%| F|  |TAMS 0x0000000089800000, 0x0000000089800000| Untracked 
| 117|0x0000000089900000, 0x0000000089900000, 0x0000000089a00000|  0%| F|  |TAMS 0x0000000089900000, 0x0000000089900000| Untracked 
| 118|0x0000000089a00000, 0x0000000089a00000, 0x0000000089b00000|  0%| F|  |TAMS 0x0000000089a00000, 0x0000000089a00000| Untracked 
| 119|0x0000000089b00000, 0x0000000089b00000, 0x0000000089c00000|  0%| F|  |TAMS 0x0000000089b00000, 0x0000000089b00000| Untracked 
| 120|0x0000000089c00000, 0x0000000089c7d3c0, 0x0000000089d00000| 48%| E|  |TAMS 0x0000000089c00000, 0x0000000089c00000| Complete 
| 121|0x0000000089d00000, 0x0000000089e00000, 0x0000000089e00000|100%| E|  |TAMS 0x0000000089d00000, 0x0000000089d00000| Complete 
| 122|0x0000000089e00000, 0x0000000089f00000, 0x0000000089f00000|100%| E|CS|TAMS 0x0000000089e00000, 0x0000000089e00000| Complete 
| 123|0x0000000089f00000, 0x000000008a000000, 0x000000008a000000|100%| E|CS|TAMS 0x0000000089f00000, 0x0000000089f00000| Complete 
| 124|0x000000008a000000, 0x000000008a100000, 0x000000008a100000|100%| E|CS|TAMS 0x000000008a000000, 0x000000008a000000| Complete 
| 125|0x000000008a100000, 0x000000008a200000, 0x000000008a200000|100%| E|CS|TAMS 0x000000008a100000, 0x000000008a100000| Complete 

Card table byte_map: [0x00000197fae70000,0x00000197fb260000] _byte_map_base: 0x00000197faa5e000

Marking Bits (Prev, Next): (CMBitMap*) 0x00000197f0e16560, (CMBitMap*) 0x00000197f0e165a0
 Prev Bits: [0x00000197fb650000, 0x00000197fd5c0000)
 Next Bits: [0x00000197fd5c0000, 0x00000197ff530000)

Polling page: 0x00000197f0af0000

Metaspace:

Usage:
  Non-class:      4.16 MB used.
      Class:    553.50 KB used.
       Both:      4.70 MB used.

Virtual space:
  Non-class space:        8.00 MB reserved,       4.25 MB ( 53%) committed,  1 nodes.
      Class space:        1.00 GB reserved,     640.00 KB ( <1%) committed,  1 nodes.
             Both:        1.01 GB reserved,       4.88 MB ( <1%) committed. 

Chunk freelists:
   Non-Class:  1.94 MB
       Class:  3.39 MB
        Both:  5.33 MB

MaxMetaspaceSize: unlimited
CompressedClassSpaceSize: 1.00 GB
Initial GC threshold: 21.00 MB
Current GC threshold: 21.00 MB
CDS: on
MetaspaceReclaimPolicy: balanced
 - commit_granule_bytes: 65536.
 - commit_granule_words: 8192.
 - virtual_space_node_default_size: 1048576.
 - enlarge_chunks_in_place: 1.
 - new_chunks_are_fully_committed: 0.
 - uncommit_free_chunks: 1.
 - use_allocation_guard: 0.
 - handle_deallocations: 1.


Internal statistics:

num_allocs_failed_limit: 0.
num_arena_births: 94.
num_arena_deaths: 0.
num_vsnodes_births: 2.
num_vsnodes_deaths: 0.
num_space_committed: 78.
num_space_uncommitted: 0.
num_chunks_returned_to_freelist: 0.
num_chunks_taken_from_freelist: 212.
num_chunk_merges: 0.
num_chunk_splits: 143.
num_chunks_enlarged: 104.
num_purges: 0.
num_inconsistent_stats: 0.

CodeHeap 'non-profiled nmethods': size=120000Kb used=412Kb max_used=412Kb free=119587Kb
 bounds [0x0000019787ad0000, 0x0000019787d40000, 0x000001978f000000]
CodeHeap 'profiled nmethods': size=120000Kb used=1629Kb max_used=1629Kb free=118370Kb
 bounds [0x00000197805a0000, 0x0000019780810000, 0x0000019787ad0000]
CodeHeap 'non-nmethods': size=5760Kb used=1205Kb max_used=1219Kb free=4555Kb
 bounds [0x0000019780000000, 0x0000019780270000, 0x00000197805a0000]
 total_blobs=1532 nmethods=1022 adapters=423
 compilation: enabled
              stopped_count=0, restarted_count=0
 full_count=0

Compilation events (20 events):
Event: 0.467 Thread 0x0000019791296860 nmethod 1012 0x0000019780731b10 code [0x0000019780731cc0, 0x0000019780731e88]
Event: 0.467 Thread 0x0000019791296860 1013       3       java.net.URLStreamHandler::toExternalForm (156 bytes)
Event: 0.468 Thread 0x0000019791296860 nmethod 1013 0x0000019780731f90 code [0x00000197807323a0, 0x0000019780733b38]
Event: 0.468 Thread 0x0000019791296860 1014       3       java.nio.Buffer::checkIndex (22 bytes)
Event: 0.468 Thread 0x0000019791296860 nmethod 1014 0x0000019780734290 code [0x0000019780734440, 0x00000197807346a8]
Event: 0.468 Thread 0x0000019791296860 1015       3       java.nio.DirectLongBufferU::ix (10 bytes)
Event: 0.468 Thread 0x0000019791296860 nmethod 1015 0x0000019780734790 code [0x0000019780734920, 0x0000019780734a38]
Event: 0.468 Thread 0x0000019791296860 1016       3       java.util.ArrayList::grow (60 bytes)
Event: 0.469 Thread 0x0000019791296860 nmethod 1016 0x0000019780734b10 code [0x0000019780734d00, 0x0000019780735358]
Event: 0.469 Thread 0x0000019791ee6d00 nmethod 1010 0x0000019787b35c10 code [0x0000019787b35de0, 0x0000019787b36488]
Event: 0.470 Thread 0x0000019791ee6d00 1017       4       java.lang.Object::<init> (1 bytes)
Event: 0.470 Thread 0x0000019791ee6d00 nmethod 1017 0x0000019787b36a90 code [0x0000019787b36c00, 0x0000019787b36cb8]
Event: 0.472 Thread 0x0000019791296860 1018       3       java.lang.System::checkKey (34 bytes)
Event: 0.472 Thread 0x0000019791296860 nmethod 1018 0x0000019780735590 code [0x0000019780735760, 0x0000019780735b18]
Event: 0.473 Thread 0x0000019791296860 1019   !   3       java.nio.DirectByteBuffer::get (34 bytes)
Event: 0.473 Thread 0x0000019791296860 nmethod 1019 0x0000019780735c90 code [0x0000019780735ec0, 0x00000197807366f8]
Event: 0.473 Thread 0x0000019791296860 1020       3       java.nio.DirectByteBuffer::ix (10 bytes)
Event: 0.473 Thread 0x0000019791296860 nmethod 1020 0x0000019780736b90 code [0x0000019780736d20, 0x0000019780736e38]
Event: 0.473 Thread 0x0000019791296860 1021   !   3       jdk.internal.misc.ScopedMemoryAccess::getByte (20 bytes)
Event: 0.474 Thread 0x0000019791296860 nmethod 1021 0x0000019780736f10 code [0x00000197807370e0, 0x0000019780737578]

GC Heap History (2 events):
Event: 0.419 GC heap before
{Heap before GC invocations=0 (full 0):
 garbage-first heap   total 129024K, used 22528K [0x0000000082400000, 0x0000000100000000)
  region size 1024K, 23 young (23552K), 0 survivors (0K)
 Metaspace       used 3516K, committed 3776K, reserved 1056768K
  class space    used 374K, committed 512K, reserved 1048576K
}
Event: 0.422 GC heap after
{Heap after GC invocations=1 (full 0):
 garbage-first heap   total 129024K, used 3543K [0x0000000082400000, 0x0000000100000000)
  region size 1024K, 3 young (3072K), 3 survivors (3072K)
 Metaspace       used 3516K, committed 3776K, reserved 1056768K
  class space    used 374K, committed 512K, reserved 1048576K
}

Deoptimization events (20 events):
Event: 0.418 Thread 0x00000197928dafc0 Uncommon trap: trap_request=0xffffff45 fr.pc=0x0000019787b24f40 relative=0x0000000000000280
Event: 0.418 Thread 0x00000197928dafc0 Uncommon trap: reason=unstable_if action=reinterpret pc=0x0000019787b24f40 method=java.lang.invoke.VarHandle.checkExactAccessMode(Ljava/lang/invoke/VarHandle$AccessDescriptor;)V @ 4 c2
Event: 0.418 Thread 0x00000197928dafc0 DEOPT PACKING pc=0x0000019787b24f40 sp=0x000000855e2fec80
Event: 0.418 Thread 0x00000197928dafc0 DEOPT UNPACKING pc=0x00000197800523a3 sp=0x000000855e2febf0 mode 2
Event: 0.463 Thread 0x00000197928dafc0 Uncommon trap: trap_request=0xffffffde fr.pc=0x0000019787b359c8 relative=0x0000000000000128
Event: 0.463 Thread 0x00000197928dafc0 Uncommon trap: reason=class_check action=maybe_recompile pc=0x0000019787b359c8 method=jdk.internal.misc.Unsafe.allocateUninitializedArray(Ljava/lang/Class;I)Ljava/lang/Object; @ 51 c2
Event: 0.463 Thread 0x00000197928dafc0 DEOPT PACKING pc=0x0000019787b359c8 sp=0x000000855e2fdac0
Event: 0.463 Thread 0x00000197928dafc0 DEOPT UNPACKING pc=0x00000197800523a3 sp=0x000000855e2fda48 mode 2
Event: 0.463 Thread 0x00000197928dafc0 Uncommon trap: trap_request=0xffffffde fr.pc=0x0000019787b359c8 relative=0x0000000000000128
Event: 0.463 Thread 0x00000197928dafc0 Uncommon trap: reason=class_check action=maybe_recompile pc=0x0000019787b359c8 method=jdk.internal.misc.Unsafe.allocateUninitializedArray(Ljava/lang/Class;I)Ljava/lang/Object; @ 51 c2
Event: 0.463 Thread 0x00000197928dafc0 DEOPT PACKING pc=0x0000019787b359c8 sp=0x000000855e2f9ec0
Event: 0.463 Thread 0x00000197928dafc0 DEOPT UNPACKING pc=0x00000197800523a3 sp=0x000000855e2f9e48 mode 2
Event: 0.464 Thread 0x00000197928dafc0 Uncommon trap: trap_request=0xffffffde fr.pc=0x0000019787b359c8 relative=0x0000000000000128
Event: 0.464 Thread 0x00000197928dafc0 Uncommon trap: reason=class_check action=maybe_recompile pc=0x0000019787b359c8 method=jdk.internal.misc.Unsafe.allocateUninitializedArray(Ljava/lang/Class;I)Ljava/lang/Object; @ 51 c2
Event: 0.464 Thread 0x00000197928dafc0 DEOPT PACKING pc=0x0000019787b359c8 sp=0x000000855e2f9ec0
Event: 0.464 Thread 0x00000197928dafc0 DEOPT UNPACKING pc=0x00000197800523a3 sp=0x000000855e2f9e48 mode 2
Event: 0.464 Thread 0x00000197928dafc0 Uncommon trap: trap_request=0xffffffde fr.pc=0x0000019787b359c8 relative=0x0000000000000128
Event: 0.464 Thread 0x00000197928dafc0 Uncommon trap: reason=class_check action=maybe_recompile pc=0x0000019787b359c8 method=jdk.internal.misc.Unsafe.allocateUninitializedArray(Ljava/lang/Class;I)Ljava/lang/Object; @ 51 c2
Event: 0.464 Thread 0x00000197928dafc0 DEOPT PACKING pc=0x0000019787b359c8 sp=0x000000855e2f9d60
Event: 0.464 Thread 0x00000197928dafc0 DEOPT UNPACKING pc=0x00000197800523a3 sp=0x000000855e2f9ce8 mode 2

Classes unloaded (0 events):
No events

Classes redefined (0 events):
No events

Internal exceptions (16 events):
Event: 0.136 Thread 0x00000197f0dd3b70 Exception <a 'java/lang/NoSuchMethodError'{0x0000000089b91528}: 'void java.lang.invoke.DirectMethodHandle$Holder.invokeVirtual(java.lang.Object, java.lang.Object)'> (0x0000000089b91528) 
thrown [t:\workspace\open\src\hotspot\share\interpreter\linkResolver.cpp, line 766]
Event: 0.158 Thread 0x00000197f0dd3b70 Exception <a 'java/lang/NoSuchMethodError'{0x0000000089740790}: 'void java.lang.invoke.DirectMethodHandle$Holder.invokeSpecial(java.lang.Object, java.lang.Object, java.lang.Object, java.lang.Object, java.lang.Object)'> (0x0000000089740790) 
thrown [t:\workspace\open\src\hotspot\share\interpreter\linkResolver.cpp, line 766]
Event: 0.160 Thread 0x00000197f0dd3b70 Exception <a 'java/lang/NoSuchMethodError'{0x0000000089754138}: 'java.lang.Object java.lang.invoke.DirectMethodHandle$Holder.invokeInterface(java.lang.Object, java.lang.Object)'> (0x0000000089754138) 
thrown [t:\workspace\open\src\hotspot\share\interpreter\linkResolver.cpp, line 766]
Event: 0.161 Thread 0x00000197f0dd3b70 Exception <a 'java/lang/IncompatibleClassChangeError'{0x00000000897577b0}: Found class java.lang.Object, but interface was expected> (0x00000000897577b0) 
thrown [t:\workspace\open\src\hotspot\share\interpreter\linkResolver.cpp, line 833]
Event: 0.161 Thread 0x00000197f0dd3b70 Exception <a 'java/lang/NoSuchMethodError'{0x000000008975a578}: 'void java.lang.invoke.DirectMethodHandle$Holder.invokeStatic(java.lang.Object, java.lang.Object, java.lang.Object, java.lang.Object)'> (0x000000008975a578) 
thrown [t:\workspace\open\src\hotspot\share\interpreter\linkResolver.cpp, line 766]
Event: 0.201 Thread 0x00000197920b3070 Exception <a 'java/lang/NoSuchMethodError'{0x0000000089480f98}: 'java.lang.Object java.lang.invoke.DirectMethodHandle$Holder.invokeStaticInit(java.lang.Object)'> (0x0000000089480f98) 
thrown [t:\workspace\open\src\hotspot\share\interpreter\linkResolver.cpp, line 766]
Event: 0.203 Thread 0x00000197920b3070 Exception <a 'java/lang/ClassNotFoundException'{0x000000008948c310}: jdk/net/ExtendedSocketOptions> (0x000000008948c310) 
thrown [t:\workspace\open\src\hotspot\share\classfile\systemDictionary.cpp, line 256]
Event: 0.204 Thread 0x00000197920b3070 Exception <a 'java/lang/NoSuchMethodError'{0x000000008948dba8}: 'void java.lang.invoke.DirectMethodHandle$Holder.invokeStatic(java.lang.Object, java.lang.Object)'> (0x000000008948dba8) 
thrown [t:\workspace\open\src\hotspot\share\interpreter\linkResolver.cpp, line 766]
Event: 0.213 Thread 0x00000197f0dd3b70 Exception <a 'java/lang/NoSuchMethodError'{0x0000000089354c70}: 'java.lang.Object java.lang.invoke.DirectMethodHandle$Holder.newInvokeSpecial(java.lang.Object, java.lang.Object, java.lang.Object, java.lang.Object, java.lang.Object)'> (0x0000000089354c70) 
thrown [t:\workspace\open\src\hotspot\share\interpreter\linkResolver.cpp, line 766]
Event: 0.378 Thread 0x0000019792145c70 Exception <a 'java/lang/NoSuchMethodError'{0x0000000088d999b8}: 'void java.lang.invoke.DirectMethodHandle$Holder.invokeSpecial(java.lang.Object, java.lang.Object, java.lang.Object)'> (0x0000000088d999b8) 
thrown [t:\workspace\open\src\hotspot\share\interpreter\linkResolver.cpp, line 766]
Event: 0.383 Thread 0x0000019792145c70 Exception <a 'java/lang/NoSuchMethodError'{0x0000000088dcfcb8}: 'void java.lang.invoke.DirectMethodHandle$Holder.invokeStatic(java.lang.Object, java.lang.Object, java.lang.Object)'> (0x0000000088dcfcb8) 
thrown [t:\workspace\open\src\hotspot\share\interpreter\linkResolver.cpp, line 766]
Event: 0.400 Thread 0x0000019792145c70 Exception <a 'java/lang/NoSuchMethodError'{0x0000000088dec2d0}: 'int java.lang.invoke.DirectMethodHandle$Holder.invokeStaticInit(java.lang.Object, java.lang.Object, java.lang.Object)'> (0x0000000088dec2d0) 
thrown [t:\workspace\open\src\hotspot\share\interpreter\linkResolver.cpp, line 766]
Event: 0.413 Thread 0x0000019792145c70 Exception <a 'java/lang/NoSuchMethodError'{0x0000000088b35fd8}: 'java.lang.Object java.lang.invoke.DirectMethodHandle$Holder.newInvokeSpecial(java.lang.Object, java.lang.Object, int, java.lang.Object)'> (0x0000000088b35fd8) 
thrown [t:\workspace\open\src\hotspot\share\interpreter\linkResolver.cpp, line 766]
Event: 0.414 Thread 0x0000019792145c70 Exception <a 'java/lang/NoSuchMethodError'{0x0000000088b3a110}: 'java.lang.Object java.lang.invoke.DirectMethodHandle$Holder.invokeSpecial(java.lang.Object, java.lang.Object, java.lang.Object, int, java.lang.Object)'> (0x0000000088b3a110) 
thrown [t:\workspace\open\src\hotspot\share\interpreter\linkResolver.cpp, line 766]
Event: 0.452 Thread 0x00000197928dafc0 Exception <a 'java/lang/NoSuchMethodError'{0x0000000089fb63a0}: 'void java.lang.invoke.DirectMethodHandle$Holder.invokeStaticInit(java.lang.Object)'> (0x0000000089fb63a0) 
thrown [t:\workspace\open\src\hotspot\share\interpreter\linkResolver.cpp, line 766]
Event: 0.474 Thread 0x00000197928dafc0 Exception <a 'sun/nio/fs/WindowsException'{0x0000000089c3caf0}> (0x0000000089c3caf0) 
thrown [t:\workspace\open\src\hotspot\share\prims\jni.cpp, line 516]

VM Operations (16 events):
Event: 0.092 Executing VM operation: HandshakeAllThreads
Event: 0.092 Executing VM operation: HandshakeAllThreads done
Event: 0.097 Executing VM operation: HandshakeAllThreads
Event: 0.097 Executing VM operation: HandshakeAllThreads done
Event: 0.159 Executing VM operation: HandshakeAllThreads
Event: 0.159 Executing VM operation: HandshakeAllThreads done
Event: 0.200 Executing VM operation: HandshakeAllThreads
Event: 0.200 Executing VM operation: HandshakeAllThreads done
Event: 0.407 Executing VM operation: HandshakeAllThreads
Event: 0.407 Executing VM operation: HandshakeAllThreads done
Event: 0.407 Executing VM operation: ICBufferFull
Event: 0.407 Executing VM operation: ICBufferFull done
Event: 0.419 Executing VM operation: G1CollectForAllocation
Event: 0.422 Executing VM operation: G1CollectForAllocation done
Event: 0.469 Executing VM operation: HandshakeAllThreads
Event: 0.469 Executing VM operation: HandshakeAllThreads done

Events (20 events):
Event: 0.454 loading class java/util/concurrent/LinkedBlockingDeque$Node
Event: 0.454 loading class java/util/concurrent/LinkedBlockingDeque$Node done
Event: 0.465 loading class java/util/EventObject
Event: 0.465 loading class java/util/EventObject done
Event: 0.469 Loaded shared library C:\Users\SIMONA\.jdks\openjdk-17.0.2\bin\verify.dll
Event: 0.472 Thread 0x0000019792e2c1b0 Thread added: 0x0000019792e2c1b0
Event: 0.472 Loaded shared library C:\Users\SIMONA\.jdks\openjdk-17.0.2\bin\jimage.dll
Event: 0.474 loading class sun/nio/fs/WindowsException
Event: 0.474 loading class sun/nio/fs/WindowsException done
Event: 0.474 loading class java/nio/file/NoSuchFileException
Event: 0.474 loading class java/nio/file/FileSystemException
Event: 0.474 loading class java/nio/file/FileSystemException done
Event: 0.474 loading class java/nio/file/NoSuchFileException done
Event: 0.474 loading class java/net/URLDecoder
Event: 0.476 loading class java/net/URLDecoder done
Event: 0.476 loading class java/net/URLEncoder
Event: 0.476 loading class java/net/URLEncoder done
Event: 0.476 loading class java/util/BitSet
Event: 0.476 loading class java/util/BitSet done
Event: 0.478 Loaded shared library D:\intelijLibraries\hyperic-sigar-1.6.4\sigar-bin\lib\sigar-amd64-winnt.dll


Dynamic libraries:
0x00007ff798e40000 - 0x00007ff798e4e000 	C:\Users\SIMONA\.jdks\openjdk-17.0.2\bin\java.exe
0x00007ffa96e30000 - 0x00007ffa97025000 	C:\WINDOWS\SYSTEM32\ntdll.dll
0x00007ffa95330000 - 0x00007ffa953ed000 	C:\WINDOWS\System32\KERNEL32.DLL
0x00007ffa94540000 - 0x00007ffa9480d000 	C:\WINDOWS\System32\KERNELBASE.dll
0x00007ffa94b10000 - 0x00007ffa94c10000 	C:\WINDOWS\System32\ucrtbase.dll
0x00007ffa8da50000 - 0x00007ffa8da6a000 	C:\Users\SIMONA\.jdks\openjdk-17.0.2\bin\VCRUNTIME140.dll
0x00007ffa8da70000 - 0x00007ffa8da88000 	C:\Users\SIMONA\.jdks\openjdk-17.0.2\bin\jli.dll
0x00007ffa96600000 - 0x00007ffa967a0000 	C:\WINDOWS\System32\USER32.dll
0x00007ffa7f6b0000 - 0x00007ffa7f94a000 	C:\WINDOWS\WinSxS\amd64_microsoft.windows.common-controls_6595b64144ccf1df_6.0.19041.1110_none_60b5254171f9507e\COMCTL32.dll
0x00007ffa94a50000 - 0x00007ffa94a72000 	C:\WINDOWS\System32\win32u.dll
0x00007ffa954d0000 - 0x00007ffa9556e000 	C:\WINDOWS\System32\msvcrt.dll
0x00007ffa96d00000 - 0x00007ffa96d2a000 	C:\WINDOWS\System32\GDI32.dll
0x00007ffa94d70000 - 0x00007ffa94e7b000 	C:\WINDOWS\System32\gdi32full.dll
0x00007ffa94810000 - 0x00007ffa948ad000 	C:\WINDOWS\System32\msvcp_win.dll
0x00007ffa96cd0000 - 0x00007ffa96d00000 	C:\WINDOWS\System32\IMM32.DLL
0x00007ffa91590000 - 0x00007ffa9159c000 	C:\Users\SIMONA\.jdks\openjdk-17.0.2\bin\vcruntime140_1.dll
0x00007ffa81ee0000 - 0x00007ffa81f6d000 	C:\Users\SIMONA\.jdks\openjdk-17.0.2\bin\msvcp140.dll
0x00007ffa2ad10000 - 0x00007ffa2b8d1000 	C:\Users\SIMONA\.jdks\openjdk-17.0.2\bin\server\jvm.dll
0x00007ffa960d0000 - 0x00007ffa9617e000 	C:\WINDOWS\System32\ADVAPI32.dll
0x00007ffa95710000 - 0x00007ffa957ac000 	C:\WINDOWS\System32\sechost.dll
0x00007ffa95570000 - 0x00007ffa95695000 	C:\WINDOWS\System32\RPCRT4.dll
0x00007ffa957b0000 - 0x00007ffa957b8000 	C:\WINDOWS\System32\PSAPI.DLL
0x00007ffa8f780000 - 0x00007ffa8f789000 	C:\WINDOWS\SYSTEM32\WSOCK32.dll
0x00007ffa7a800000 - 0x00007ffa7a827000 	C:\WINDOWS\SYSTEM32\WINMM.dll
0x00007ffa8e290000 - 0x00007ffa8e29a000 	C:\WINDOWS\SYSTEM32\VERSION.dll
0x00007ffa956a0000 - 0x00007ffa9570b000 	C:\WINDOWS\System32\WS2_32.dll
0x00007ffa92db0000 - 0x00007ffa92dc2000 	C:\WINDOWS\SYSTEM32\kernel.appcore.dll
0x00007ffa91510000 - 0x00007ffa9151a000 	C:\Users\SIMONA\.jdks\openjdk-17.0.2\bin\jimage.dll
0x00007ffa92330000 - 0x00007ffa92514000 	C:\WINDOWS\SYSTEM32\DBGHELP.DLL
0x00007ffa7d930000 - 0x00007ffa7d95c000 	C:\WINDOWS\SYSTEM32\dbgcore.DLL
0x00007ffa94a80000 - 0x00007ffa94b02000 	C:\WINDOWS\System32\bcryptPrimitives.dll
0x00007ffa8f580000 - 0x00007ffa8f58e000 	C:\Users\SIMONA\.jdks\openjdk-17.0.2\bin\instrument.dll
0x00007ffa8da20000 - 0x00007ffa8da45000 	C:\Users\SIMONA\.jdks\openjdk-17.0.2\bin\java.dll
0x00007ffa5b140000 - 0x00007ffa5b216000 	C:\Users\SIMONA\.jdks\openjdk-17.0.2\bin\jsvml.dll
0x00007ffa957c0000 - 0x00007ffa95f04000 	C:\WINDOWS\System32\SHELL32.dll
0x00007ffa92520000 - 0x00007ffa92cb4000 	C:\WINDOWS\SYSTEM32\windows.storage.dll
0x00007ffa94f70000 - 0x00007ffa952c4000 	C:\WINDOWS\System32\combase.dll
0x00007ffa93fa0000 - 0x00007ffa93fcc000 	C:\WINDOWS\SYSTEM32\Wldp.dll
0x00007ffa96020000 - 0x00007ffa960cd000 	C:\WINDOWS\System32\SHCORE.dll
0x00007ffa96d30000 - 0x00007ffa96d85000 	C:\WINDOWS\System32\shlwapi.dll
0x00007ffa94480000 - 0x00007ffa9449f000 	C:\WINDOWS\SYSTEM32\profapi.dll
0x00007ffa8b160000 - 0x00007ffa8b179000 	C:\Users\SIMONA\.jdks\openjdk-17.0.2\bin\net.dll
0x00007ffa8bc30000 - 0x00007ffa8bd3a000 	C:\WINDOWS\SYSTEM32\WINHTTP.dll
0x00007ffa93c90000 - 0x00007ffa93cfa000 	C:\WINDOWS\system32\mswsock.dll
0x00007ffa8b140000 - 0x00007ffa8b156000 	C:\Users\SIMONA\.jdks\openjdk-17.0.2\bin\nio.dll
0x00007ffa88070000 - 0x00007ffa88088000 	C:\Users\SIMONA\.jdks\openjdk-17.0.2\bin\zip.dll
0x00007ffa85140000 - 0x00007ffa8515a000 	D:\javathing\IntelliJ IDEA 2021.2.2\bin\breakgen64.dll
0x0000019791330000 - 0x0000019791333000 	C:\Users\SIMONA\.openjfx\cache\18-ea+6\api-ms-win-core-console-l1-1-0.dll
0x0000019791340000 - 0x0000019791343000 	C:\Users\SIMONA\.openjfx\cache\18-ea+6\api-ms-win-core-console-l1-2-0.dll
0x0000019791350000 - 0x0000019791353000 	C:\Users\SIMONA\.openjfx\cache\18-ea+6\api-ms-win-core-datetime-l1-1-0.dll
0x0000019791360000 - 0x0000019791363000 	C:\Users\SIMONA\.openjfx\cache\18-ea+6\api-ms-win-core-debug-l1-1-0.dll
0x0000019791370000 - 0x0000019791373000 	C:\Users\SIMONA\.openjfx\cache\18-ea+6\api-ms-win-core-errorhandling-l1-1-0.dll
0x0000019791380000 - 0x0000019791384000 	C:\Users\SIMONA\.openjfx\cache\18-ea+6\api-ms-win-core-file-l1-1-0.dll
0x0000019791390000 - 0x0000019791393000 	C:\Users\SIMONA\.openjfx\cache\18-ea+6\api-ms-win-core-file-l1-2-0.dll
0x00000197913a0000 - 0x00000197913a3000 	C:\Users\SIMONA\.openjfx\cache\18-ea+6\api-ms-win-core-file-l2-1-0.dll
0x00000197913b0000 - 0x00000197913b3000 	C:\Users\SIMONA\.openjfx\cache\18-ea+6\api-ms-win-core-handle-l1-1-0.dll
0x00000197913c0000 - 0x00000197913c3000 	C:\Users\SIMONA\.openjfx\cache\18-ea+6\api-ms-win-core-heap-l1-1-0.dll
0x00000197913d0000 - 0x00000197913d3000 	C:\Users\SIMONA\.openjfx\cache\18-ea+6\api-ms-win-core-interlocked-l1-1-0.dll
0x00000197913e0000 - 0x00000197913e3000 	C:\Users\SIMONA\.openjfx\cache\18-ea+6\api-ms-win-core-libraryloader-l1-1-0.dll
0x00000197913f0000 - 0x00000197913f3000 	C:\Users\SIMONA\.openjfx\cache\18-ea+6\api-ms-win-core-localization-l1-2-0.dll
0x0000019792900000 - 0x0000019792903000 	C:\Users\SIMONA\.openjfx\cache\18-ea+6\api-ms-win-core-memory-l1-1-0.dll
0x0000019792910000 - 0x0000019792913000 	C:\Users\SIMONA\.openjfx\cache\18-ea+6\api-ms-win-core-namedpipe-l1-1-0.dll
0x0000019792920000 - 0x0000019792923000 	C:\Users\SIMONA\.openjfx\cache\18-ea+6\api-ms-win-core-processenvironment-l1-1-0.dll
0x0000019792930000 - 0x0000019792933000 	C:\Users\SIMONA\.openjfx\cache\18-ea+6\api-ms-win-core-processthreads-l1-1-0.dll
0x0000019792940000 - 0x0000019792943000 	C:\Users\SIMONA\.openjfx\cache\18-ea+6\api-ms-win-core-processthreads-l1-1-1.dll
0x0000019792950000 - 0x0000019792953000 	C:\Users\SIMONA\.openjfx\cache\18-ea+6\api-ms-win-core-profile-l1-1-0.dll
0x0000019792960000 - 0x0000019792963000 	C:\Users\SIMONA\.openjfx\cache\18-ea+6\api-ms-win-core-rtlsupport-l1-1-0.dll
0x0000019792970000 - 0x0000019792973000 	C:\Users\SIMONA\.openjfx\cache\18-ea+6\api-ms-win-core-string-l1-1-0.dll
0x0000019792980000 - 0x0000019792983000 	C:\Users\SIMONA\.openjfx\cache\18-ea+6\api-ms-win-core-synch-l1-1-0.dll
0x0000019792990000 - 0x0000019792993000 	C:\Users\SIMONA\.openjfx\cache\18-ea+6\api-ms-win-core-synch-l1-2-0.dll
0x00000197929a0000 - 0x00000197929a3000 	C:\Users\SIMONA\.openjfx\cache\18-ea+6\api-ms-win-core-sysinfo-l1-1-0.dll
0x00000197929b0000 - 0x00000197929b3000 	C:\Users\SIMONA\.openjfx\cache\18-ea+6\api-ms-win-core-timezone-l1-1-0.dll
0x00000197929c0000 - 0x00000197929c3000 	C:\Users\SIMONA\.openjfx\cache\18-ea+6\api-ms-win-core-util-l1-1-0.dll
0x00000197929d0000 - 0x00000197929d3000 	C:\Users\SIMONA\.openjfx\cache\18-ea+6\api-ms-win-crt-conio-l1-1-0.dll
0x00000197929e0000 - 0x00000197929e4000 	C:\Users\SIMONA\.openjfx\cache\18-ea+6\api-ms-win-crt-convert-l1-1-0.dll
0x00000197929f0000 - 0x00000197929f3000 	C:\Users\SIMONA\.openjfx\cache\18-ea+6\api-ms-win-crt-environment-l1-1-0.dll
0x0000019792a00000 - 0x0000019792a03000 	C:\Users\SIMONA\.openjfx\cache\18-ea+6\api-ms-win-crt-filesystem-l1-1-0.dll
0x0000019792a10000 - 0x0000019792a13000 	C:\Users\SIMONA\.openjfx\cache\18-ea+6\api-ms-win-crt-heap-l1-1-0.dll
0x0000019792a20000 - 0x0000019792a23000 	C:\Users\SIMONA\.openjfx\cache\18-ea+6\api-ms-win-crt-locale-l1-1-0.dll
0x0000019792a30000 - 0x0000019792a35000 	C:\Users\SIMONA\.openjfx\cache\18-ea+6\api-ms-win-crt-math-l1-1-0.dll
0x0000019792a40000 - 0x0000019792a45000 	C:\Users\SIMONA\.openjfx\cache\18-ea+6\api-ms-win-crt-multibyte-l1-1-0.dll
0x0000019792a50000 - 0x0000019792a60000 	C:\Users\SIMONA\.openjfx\cache\18-ea+6\api-ms-win-crt-private-l1-1-0.dll
0x0000019792a60000 - 0x0000019792a63000 	C:\Users\SIMONA\.openjfx\cache\18-ea+6\api-ms-win-crt-process-l1-1-0.dll
0x0000019792a70000 - 0x0000019792a74000 	C:\Users\SIMONA\.openjfx\cache\18-ea+6\api-ms-win-crt-runtime-l1-1-0.dll
0x0000019792a80000 - 0x0000019792a84000 	C:\Users\SIMONA\.openjfx\cache\18-ea+6\api-ms-win-crt-stdio-l1-1-0.dll
0x0000019792a90000 - 0x0000019792a94000 	C:\Users\SIMONA\.openjfx\cache\18-ea+6\api-ms-win-crt-string-l1-1-0.dll
0x0000019792aa0000 - 0x0000019792aa3000 	C:\Users\SIMONA\.openjfx\cache\18-ea+6\api-ms-win-crt-time-l1-1-0.dll
0x0000019792ab0000 - 0x0000019792ab3000 	C:\Users\SIMONA\.openjfx\cache\18-ea+6\api-ms-win-crt-utility-l1-1-0.dll
0x00007ffa59f10000 - 0x00007ffa5a00c000 	C:\Users\SIMONA\.openjfx\cache\18-ea+6\ucrtbase.dll
0x00007ffa7b320000 - 0x00007ffa7b33a000 	C:\Users\SIMONA\.openjfx\cache\18-ea+6\vcruntime140.dll
0x00007ffa85100000 - 0x00007ffa8510c000 	C:\Users\SIMONA\.openjfx\cache\18-ea+6\vcruntime140_1.dll
0x00007ffa5a420000 - 0x00007ffa5a4ad000 	C:\Users\SIMONA\.openjfx\cache\18-ea+6\msvcp140.dll
0x00007ffa6a090000 - 0x00007ffa6a0ba000 	C:\Users\SIMONA\.openjfx\cache\18-ea+6\prism_d3d.dll
0x00007ffa8a300000 - 0x00007ffa8a4cf000 	C:\WINDOWS\system32\d3d9.dll
0x00007ffa91f80000 - 0x00007ffa91faf000 	C:\WINDOWS\SYSTEM32\dwmapi.dll
0x00007ffa91bb0000 - 0x00007ffa91c4e000 	C:\WINDOWS\system32\uxtheme.dll
0x00007ffa422f0000 - 0x00007ffa424bd000 	C:\WINDOWS\System32\DriverStore\FileRepository\iigd_dch.inf_amd64_d00bfc0321d1b42a\igdumdim64.dll
0x00007ffa88f30000 - 0x00007ffa89050000 	C:\WINDOWS\System32\DriverStore\FileRepository\iigd_dch.inf_amd64_d00bfc0321d1b42a\igdgmm64.dll
0x00007ffa54e40000 - 0x00007ffa58a51000 	C:\WINDOWS\System32\DriverStore\FileRepository\iigd_dch.inf_amd64_d00bfc0321d1b42a\igd9dxva64.dll
0x00007ffa96b30000 - 0x00007ffa96c5a000 	C:\WINDOWS\System32\OLE32.dll
0x00007ffa94e80000 - 0x00007ffa94f4d000 	C:\WINDOWS\System32\OLEAUT32.dll
0x00007ffa63d30000 - 0x00007ffa63d72000 	C:\Users\SIMONA\.openjfx\cache\18-ea+6\glass.dll
0x00007ffa953f0000 - 0x00007ffa954cb000 	C:\WINDOWS\System32\COMDLG32.dll
0x00007ffa96950000 - 0x00007ffa96a65000 	C:\WINDOWS\System32\MSCTF.dll
0x00007ffa6d6b0000 - 0x00007ffa6d6d1000 	C:\WINDOWS\System32\DriverStore\FileRepository\iigd_dch.inf_amd64_d00bfc0321d1b42a\igdinfo64.dll
0x00007ffa85530000 - 0x00007ffa87890000 	C:\WINDOWS\System32\DriverStore\FileRepository\iigd_dch.inf_amd64_d00bfc0321d1b42a\igc64.dll
0x00007ffa8bf40000 - 0x00007ffa8bf7b000 	C:\WINDOWS\SYSTEM32\dxcore.dll
0x00007ffa949d0000 - 0x00007ffa94a1e000 	C:\WINDOWS\System32\cfgmgr32.dll
0x00007ffa8b320000 - 0x00007ffa8b330000 	C:\Users\SIMONA\.jdks\openjdk-17.0.2\bin\verify.dll
0x0000000010000000 - 0x0000000010070000 	D:\intelijLibraries\hyperic-sigar-1.6.4\sigar-bin\lib\sigar-amd64-winnt.dll
0x00007ffa74030000 - 0x00007ffa74079000 	C:\WINDOWS\SYSTEM32\pdh.dll
0x00007ffa81a30000 - 0x00007ffa81a4a000 	C:\WINDOWS\SYSTEM32\NETAPI32.dll
0x00007ffa93ae0000 - 0x00007ffa93aec000 	C:\WINDOWS\SYSTEM32\NETUTILS.DLL
0x00007ffa851d0000 - 0x00007ffa851f8000 	C:\WINDOWS\SYSTEM32\SRVCLI.DLL

dbghelp: loaded successfully - version: 4.0.5 - missing functions: none
symbol engine: initialized successfully - sym options: 0x614 - pdb path: .;C:\Users\SIMONA\.jdks\openjdk-17.0.2\bin;C:\WINDOWS\SYSTEM32;C:\WINDOWS\WinSxS\amd64_microsoft.windows.common-controls_6595b64144ccf1df_6.0.19041.1110_none_60b5254171f9507e;C:\Users\SIMONA\.jdks\openjdk-17.0.2\bin\server;D:\javathing\IntelliJ IDEA 2021.2.2\bin;C:\Users\SIMONA\.openjfx\cache\18-ea+6;C:\WINDOWS\System32\DriverStore\FileRepository\iigd_dch.inf_amd64_d00bfc0321d1b42a;D:\intelijLibraries\hyperic-sigar-1.6.4\sigar-bin\lib

VM Arguments:
jvm_args: -Djava.library.path=D:\intelijLibraries\hyperic-sigar-1.6.4\sigar-bin\lib -javaagent:D:\javathing\IntelliJ IDEA 2021.2.2\lib\idea_rt.jar=58140:D:\javathing\IntelliJ IDEA 2021.2.2\bin -Dfile.encoding=UTF-8 --module-path=C:\Users\SIMONA\.m2\repository\org\openjfx\javafx-controls\18-ea+6\javafx-controls-18-ea+6-win.jar;D:\intelijLibraries\javafx-sdk-18.0.1\lib\javafx.fxml.jar;D:\intelijLibraries\hyperic-sigar-1.6.4\sigar-bin\lib\sigar.jar;C:\Users\SIMONA\.m2\repository\org\openjfx\javafx-base\18-ea+6\javafx-base-18-ea+6-win.jar;C:\Users\SIMONA\.m2\repository\org\openjfx\javafx-graphics\18-ea+6\javafx-graphics-18-ea+6-win.jar;C:\Users\SIMONA\.m2\repository\org\openjfx\javafx-fxml\18-ea+6\javafx-fxml-18-ea+6-win.jar;D:\intelijLibraries\javafx-sdk-18.0.1\lib\javafx.base.jar;D:\CoProject\target\classes;D:\intelijLibraries\javafx-sdk-18.0.1\lib\javafx.graphics.jar;D:\intelijLibraries\javafx-sdk-18.0.1\lib\javafx.controls.jar -Djdk.module.main=BananeProject 
java_command: BananeProject/controllers.Launcher
java_class_path (initial): D:\intelijLibraries\javafx-sdk-18.0.1\lib\javafx-swt.jar;D:\intelijLibraries\javafx-sdk-18.0.1\lib\javafx.web.jar;D:\intelijLibraries\javafx-sdk-18.0.1\lib\javafx.media.jar;D:\intelijLibraries\javafx-sdk-18.0.1\lib\javafx.swing.jar;C:\Users\SIMONA\.m2\repository\org\openjfx\javafx-controls\18-ea+6\javafx-controls-18-ea+6.jar;C:\Users\SIMONA\.m2\repository\org\openjfx\javafx-graphics\18-ea+6\javafx-graphics-18-ea+6.jar;C:\Users\SIMONA\.m2\repository\org\openjfx\javafx-base\18-ea+6\javafx-base-18-ea+6.jar;C:\Users\SIMONA\.m2\repository\org\openjfx\javafx-fxml\18-ea+6\javafx-fxml-18-ea+6.jar;C:\Users\SIMONA\.m2\repository\io\thorntail\javafx\2.7.0.Final\javafx-2.7.0.Final.jar;C:\Users\SIMONA\.m2\repository\io\thorntail\container\2.7.0.Final\container-2.7.0.Final.jar;C:\Users\SIMONA\.m2\repository\io\thorntail\spi\2.7.0.Final\spi-2.7.0.Final.jar;C:\Users\SIMONA\.m2\repository\org\jboss\shrinkwrap\shrinkwrap-api\1.2.6\shrinkwrap-api-1.2.6.jar;C:\Users\SIMONA\.m2\repository\org\jboss\shrinkwrap\shrinkwrap-impl-base\1.2.6\shrinkwrap-impl-base-1.2.6.jar;C:\Users\SIMONA\.m2\repository\org\jboss\shrinkwrap\shrinkwrap-spi\1.2.6\shrinkwrap-spi-1.2.6.jar;C:\Users\SIMONA\.m2\repository\org\jboss\shrinkwrap\descriptors\shrinkwrap-descriptors-api-jboss\2.0.0\shrinkwrap-descriptors-api-jboss-2.0.0.jar;C:\Users\SIMONA\.m2\repository\org\jboss\shrinkwrap\descriptors\shrinkwrap-descriptors-impl-jboss\2.0.0\shrinkwrap-descriptors-impl-jboss-2.0.0.jar;C:\Users\SIMONA\.m2\repository\org\jboss\jandex\2.1.2.Final\jandex-2.1.2.Final.jar;C:\Users\SIMONA\.m2\repository\io\thorntail\bootstrap\2.7.0.Final\bootstrap-2.7.0.Final.jar;C:\Users\SIMONA\.m2\repository\io\thorntail\config-api\2.7.0\config-api-2.7.0.jar;C:\Users\SIMONA\.m2\repository\io\thorntail\config-api-runtime\2.7.0\config-api-runtime-2.7.0.jar;C:\Users\SIMONA\.m2\repository\org\wildfly\common\wildfly-common\1.5.1.Final\wildfly-common-1.5.1.Final.jar;C:\Users\SIMONA\.m2\repository\org\ow2\asm\asm\7.1\asm
Launcher Type: SUN_STANDARD

[Global flags]
     intx CICompilerCount                          = 4                                         {product} {ergonomic}
     uint ConcGCThreads                            = 3                                         {product} {ergonomic}
     uint G1ConcRefinementThreads                  = 10                                        {product} {ergonomic}
   size_t G1HeapRegionSize                         = 1048576                                   {product} {ergonomic}
    uintx GCDrainStackTargetSize                   = 64                                        {product} {ergonomic}
   size_t InitialHeapSize                          = 132120576                                 {product} {ergonomic}
   size_t MarkStackSize                            = 4194304                                   {product} {ergonomic}
   size_t MaxHeapSize                              = 2109734912                                {product} {ergonomic}
   size_t MaxNewSize                               = 1265631232                                {product} {ergonomic}
   size_t MinHeapDeltaBytes                        = 1048576                                   {product} {ergonomic}
   size_t MinHeapSize                              = 8388608                                   {product} {ergonomic}
    uintx NonNMethodCodeHeapSize                   = 5839372                                {pd product} {ergonomic}
    uintx NonProfiledCodeHeapSize                  = 122909434                              {pd product} {ergonomic}
    uintx ProfiledCodeHeapSize                     = 122909434                              {pd product} {ergonomic}
    uintx ReservedCodeCacheSize                    = 251658240                              {pd product} {ergonomic}
     bool SegmentedCodeCache                       = true                                      {product} {ergonomic}
   size_t SoftMaxHeapSize                          = 2109734912                             {manageable} {ergonomic}
     bool UseCompressedClassPointers               = true                           {product lp64_product} {ergonomic}
     bool UseCompressedOops                        = true                           {product lp64_product} {ergonomic}
     bool UseG1GC                                  = true                                      {product} {ergonomic}
     bool UseLargePagesIndividualAllocation        = false                                  {pd product} {ergonomic}

Logging:
Log output configuration:
 #0: stdout all=warning uptime,level,tags
 #1: stderr all=off uptime,level,tags

Environment Variables:
JAVA_HOME=C:\Program Files\Java\jdk-17.0.3.1
PATH=C:\Program Files\Common Files\Oracle\Java\javapath;C:\Program Files (x86)\Common Files\Oracle\Java\javapath;C:\ProgramData\Oracle\Java\javapath;C:\WINDOWS\system32;C:\WINDOWS;C:\WINDOWS\System32\Wbem;C:\WINDOWS\System32\WindowsPowerShell\v1.0\;C:\WINDOWS\System32\OpenSSH\;C:\Program Files\MATLAB\R2021b\bin;C:\Program Files\NVIDIA Corporation\NVIDIA NvDLISR;C:\Program Files (x86)\NVIDIA Corporation\PhysX\Common;C:\Program Files\Git\cmd;C:\Program Files\Java\jdk1.8.0_333\bin;C:\Program Files\Apache Software Foundation\apache-maven-3.8.5\bin;C:\Program Files\MySQL\MySQL Shell 8.0\bin\;C:\Users\SIMONA\AppData\Local\Microsoft\WindowsApps
USERNAME=SIMONA
OS=Windows_NT
PROCESSOR_IDENTIFIER=Intel64 Family 6 Model 158 Stepping 13, GenuineIntel



---------------  S Y S T E M  ---------------

OS:
 Windows 10 , 64 bit Build 19041 (10.0.19041.1706)
OS uptime: 0 days 20:33 hours

CPU: total 12 (initial active 12) (6 cores per cpu, 2 threads per core) family 6 model 158 stepping 13 microcode 0xb8, cx8, cmov, fxsr, ht, mmx, 3dnowpref, sse, sse2, sse3, ssse3, sse4.1, sse4.2, popcnt, lzcnt, tsc, tscinvbit, avx, avx2, aes, erms, clmul, bmi1, bmi2, adx, fma, vzeroupper, clflush, clflushopt

Memory: 4k page, system-wide physical 8043M (1177M free)
TotalPageFile size 17771M (AvailPageFile size 4228M)
current process WorkingSet (physical memory assigned to process): 98M, peak: 98M
current process commit charge ("private bytes"): 252M, peak: 252M

vm_info: OpenJDK 64-Bit Server VM (17.0.2+8-86) for windows-amd64 JRE (17.0.2+8-86), built on Dec  7 2021 21:49:10 by "mach5one" with MS VC++ 16.8 / 16.9 (VS2019)

END.
